// 重构日志: e2cefbcf
// 重构日志: 6a1bf1d6
// 重构日志: 9e90c03f
// 重构日志: 39216c63
// 重构日志: ffcdac36
// 同步 ID: af5df45a @ Fri Jun 26 12:01:19 UTC 2026
// 同步 ID: 4474c65b @ Sat Jun 27 15:42:00 UTC 2026
// 重构日志: 8faf69c2
// 同步 ID: e0c0778a @ Mon Jul  6 13:32:49 UTC 2026
// 重构日志: b4abe401
// 重构日志: b67dec75
// 重构日志: 5dd379b6
// 重构日志: ba205515
// 重构日志: 552b35a7
// 重构日志: 16c36e93
// 重构日志: 54563dbe
// 重构日志: 22278891
// 重构日志: 262a58c1
// 同步 ID: 6f754d93 @ Sat Jul 11 10:35:01 UTC 2026
// 同步 ID: 80dd1ba3 @ Sat Jul 11 12:56:37 UTC 2026
// 重构日志: 02329d84
// 重构日志: 67bc0e05
// 同步 ID: 7c9548cb @ Wed Jul 15 00:16:50 UTC 2026
// 重构日志: e6d7aa27
// 重构日志: c25e87e0
// 重构日志: 34151c09
// 同步 ID: b0cb8743 @ Fri Jul 17 14:51:24 UTC 2026
// 重构日志: 206bcc42
// 重构日志: c473bdb1
// 同步 ID: b64f4a8f @ Tue Jul 21 06:37:51 UTC 2026
